1745353529: mosquitto version 2.0.21 starting
1745353529: Config loaded from /mosquitto/config/mosquitto.conf.
1745353529: Opening websockets listen socket on port 1883.
1745353529: mosquitto version 2.0.21 running
1745353583: mosquitto version 2.0.21 terminating
1745353583: Saving in-memory database to /mosquitto/data//mosquitto.db.
1745353583: Warning: File /mosquitto/data//mosquitto.db.new has world readable permissions. Future versions will refuse to load this file.
To fix this, use `chmod 0700 /mosquitto/data//mosquitto.db.new`.
1745353583: Warning: File /mosquitto/data//mosquitto.db.new owner is not mosquitto. Future versions will refuse to load this file.To fix this, use `chown mosquitto /mosquitto/data//mosquitto.db.new`.
1745353583: Warning: File /mosquitto/data//mosquitto.db.new group is not mosquitto. Future versions will refuse to load this file.
1745354131: mosquitto version 2.0.21 starting
1745354131: Config loaded from /mosquitto/config/mosquitto.conf.
1745354131: Opening websockets listen socket on port 1883.
1745354131: mosquitto version 2.0.21 running
1745354187: mosquitto version 2.0.21 terminating
1745354187: Saving in-memory database to /mosquitto/data//mosquitto.db.
1745354187: Warning: File /mosquitto/data//mosquitto.db.new has world readable permissions. Future versions will refuse to load this file.
To fix this, use `chmod 0700 /mosquitto/data//mosquitto.db.new`.
1745354187: Warning: File /mosquitto/data//mosquitto.db.new owner is not mosquitto. Future versions will refuse to load this file.To fix this, use `chown mosquitto /mosquitto/data//mosquitto.db.new`.
1745354187: Warning: File /mosquitto/data//mosquitto.db.new group is not mosquitto. Future versions will refuse to load this file.
1745354362: mosquitto version 2.0.21 starting
1745354362: Config loaded from /mosquitto/config/mosquitto.conf.
1745354362: Opening websockets listen socket on port 1883.
1745354362: mosquitto version 2.0.21 running
1745356163: Saving in-memory database to /mosquitto/data//mosquitto.db.
1745356163: Warning: File /mosquitto/data//mosquitto.db.new has world readable permissions. Future versions will refuse to load this file.
To fix this, use `chmod 0700 /mosquitto/data//mosquitto.db.new`.
1745356163: Warning: File /mosquitto/data//mosquitto.db.new owner is not mosquitto. Future versions will refuse to load this file.To fix this, use `chown mosquitto /mosquitto/data//mosquitto.db.new`.
1745356163: Warning: File /mosquitto/data//mosquitto.db.new group is not mosquitto. Future versions will refuse to load this file.
1745362631: mosquitto version 2.0.21 starting
1745362631: Config loaded from /mosquitto/config/mosquitto.conf.
1745362631: Opening websockets listen socket on port 1883.
1745362631: mosquitto version 2.0.21 running
1745362756: mosquitto version 2.0.21 terminating
1745362756: Saving in-memory database to /mosquitto/data//mosquitto.db.
1745364992: mosquitto version 2.0.21 starting
1745364992: Config loaded from /mosquitto/config/mosquitto.conf.
1745364992: Opening websockets listen socket on port 9001.
1745364992: mosquitto version 2.0.21 running
1745365709: mosquitto version 2.0.21 terminating
1745365709: Saving in-memory database to /mosquitto/data//mosquitto.db.
1745365710: mosquitto version 2.0.21 starting
1745365710: Config loaded from /mosquitto/config/mosquitto.conf.
1745365710: Opening websockets listen socket on port 9001.
1745365710: mosquitto version 2.0.21 running
1745365972: mosquitto version 2.0.21 terminating
1745365972: Saving in-memory database to /mosquitto/data//mosquitto.db.
1745366040: mosquitto version 2.0.21 starting
1745366040: Config loaded from /mosquitto/config/mosquitto.conf.
1745366040: Opening websockets listen socket on port 9001.
1745366040: Opening ipv4 listen socket on port 1883.
1745366040: Opening ipv6 listen socket on port 1883.
1745366040: mosquitto version 2.0.21 running
1745366436: New connection from 172.19.0.1:49358 on port 1883.
1745366436: New client connected from 172.19.0.1:49358 as mosq-9qvtvtdSNdd0jUFfNp (p2, c1, k60).
1745366436: Client mosq-9qvtvtdSNdd0jUFfNp disconnected.
1745366451: New connection from 172.19.0.1:60278 on port 1883.
1745366451: New client connected from 172.19.0.1:60278 as mosq-DeJTQfHmYOJjcPX59z (p2, c1, k60).
1745366470: Client mosq-DeJTQfHmYOJjcPX59z disconnected.
1745366551: New connection from 172.19.0.1:42360 on port 1883.
1745366551: New client connected from 172.19.0.1:42360 as mosq-MQNosKNurAPCqU7idB (p2, c1, k60).
1745366562: New connection from 172.19.0.1:56962 on port 1883.
1745366562: New client connected from 172.19.0.1:56962 as mosq-uOiJZbcudeNO9yi74e (p2, c1, k60).
1745366562: Client mosq-uOiJZbcudeNO9yi74e disconnected.
1745366847: mosquitto version 2.0.21 terminating
1745366847: Saving in-memory database to /mosquitto/data//mosquitto.db.
1745366849: mosquitto version 2.0.21 starting
1745366849: Config loaded from /mosquitto/config/mosquitto.conf.
1745366849: Opening websockets listen socket on port 9001.
1745366849: Opening ipv4 listen socket on port 1883.
1745366849: Opening ipv6 listen socket on port 1883.
1745366849: mosquitto version 2.0.21 running
1745366849: New connection from 172.19.0.1:34868 on port 1883.
1745366849: New client connected from 172.19.0.1:34868 as mosq-MQNosKNurAPCqU7idB (p2, c1, k60).
1745366861: New connection from 172.19.0.1:51876 on port 1883.
1745366861: New client connected from 172.19.0.1:51876 as mosq-B004ND5ZrjYnX1t65h (p2, c1, k60).
1745366861: Client mosq-B004ND5ZrjYnX1t65h disconnected.
1745366983: mosquitto version 2.0.21 terminating
1745366983: Saving in-memory database to /mosquitto/data//mosquitto.db.
1745403466: mosquitto version 2.0.21 starting
1745403466: Config loaded from /mosquitto/config/mosquitto.conf.
1745403466: Opening websockets listen socket on port 9001.
1745403466: Opening ipv4 listen socket on port 1883.
1745403466: Opening ipv6 listen socket on port 1883.
1745403466: mosquitto version 2.0.21 running
1745403466: New connection from 172.18.0.1:48046 on port 1883.
1745403466: New client connected from 172.18.0.1:48046 as mosq-MQNosKNurAPCqU7idB (p2, c1, k60).
1745403882: mosquitto version 2.0.21 terminating
1745403882: Saving in-memory database to /mosquitto/data//mosquitto.db.
1745403891: mosquitto version 2.0.21 starting
1745403891: Config loaded from /mosquitto/config/mosquitto.conf.
1745403891: Opening websockets listen socket on port 9001.
1745403891: Opening ipv4 listen socket on port 1883.
1745403891: Opening ipv6 listen socket on port 1883.
1745403891: mosquitto version 2.0.21 running
1745403891: New connection from 172.18.0.1:46114 on port 1883.
1745403891: New client connected from 172.18.0.1:46114 as mosq-MQNosKNurAPCqU7idB (p2, c1, k60).
1745404552: mosquitto version 2.0.21 terminating
1745404552: Saving in-memory database to /mosquitto/data//mosquitto.db.
